<?xml version="1.0" encoding="UTF-8"?>
<!-- Generated by org.testng.reporters.JUnitReportReporter -->
<testsuite hostname="Maximo-PC" name="com.applause.auto.test.TestSample" tests="1" failures="0" timestamp="4 May 2016 17:51:07 GMT" time="10.360" errors="0">
  <testcase name="exercise" time="10.360" classname="com.applause.auto.test.TestSample"/>
</testsuite> <!-- com.applause.auto.test.TestSample -->
